<?xml version="1.0" encoding="UTF-8"?>
<!-- Generated by org.testng.reporters.JUnitReportReporter -->
<testsuite hostname="DESKTOP-VIEUAQD" failures="0" tests="1" name="Runners.Runner" time="0.198" errors="0" timestamp="2022-09-10T14:44:01 IST" skipped="0">
  <testcase classname="Runners.Runner" name="runScenario" time="0.198"/>
  <system-out/>
</testsuite> <!-- Runners.Runner -->
